<?xml version="1.0" encoding="UTF-8"?>
<testsuite xmlns:xsi="http://www.w3.org/2001/XMLSchema-instance" xsi:noNamespaceSchemaLocation="https://maven.apache.org/surefire/maven-surefire-plugin/xsd/surefire-test-report.xsd" version="3.0.2" name="com.synccare.backend.health.HealthControllerTest" time="3.212" tests="1" errors="0" skipped="0" failures="0">
  <properties>
[...]
</properties>
  <testcase name="healthEndpointShouldReturnWrappedSuccessResponse" classname="com.synccare.backend.health.HealthControllerTest" time="0.73">
    <system-out><![CDATA[11:54:53.395 [main] INFO org.springframework.test.context.support.AnnotationConfigContextLoaderUtils -- Could not detect default configuration classes for test class [com.synccare.backend.health.HealthControllerTest]: HealthControllerTest does not declare any static, non-private, non-final, nested classes annotated with @Configuration.
11:54:53.518 [main] INFO org.springframework.boot.test.context.SpringBootTestContextBootstrapper -- Found @SpringBootConfiguration com.synccare.backend.SyncCareBackendApplication for test class com.synccare.backend.health.HealthControllerTest

  .   ____          _            __ _ _
 /\\ / ___'_ __ _ _(_)_ __  __ _ \ \ \ \
( ( )\___ | '_ | '_| | '_ \/ _` | \ \ \ \
 \\/  ___)| |_)| | | | | || (_| |  ) ) ) )
  '  |____| .__|_| |_|_| |_\__, | / / / /
 =========|_|==============|___/=/_/_/_/

 :: Spring Boot ::                (v3.5.0)

2026-05-13T11:54:53.942Z  INFO 6104 --- [synccare-backend] [           main] c.s.backend.health.HealthControllerTest  : Starting HealthControllerTest using Java 17.0.18 with PID 6104 (started by runner in /home/runner/work/SyncCare/SyncCare/backend)
2026-05-13T11:54:53.944Z  INFO 6104 --- [synccare-backend] [           main] c.s.backend.health.HealthControllerTest  : No active profile set, falling back to 1 default profile: "default"
2026-05-13T11:54:54.998Z  WARN 6104 --- [synccare-backend] [           main] .s.s.UserDetailsServiceAutoConfiguration : 

Using generated security password: 32f9aceb-29b9-4c8b-bbd0-f97a5973591f

This generated password is for development use only. Your security configuration must be updated before running your application in production.

2026-05-13T11:54:55.006Z  INFO 6104 --- [synccare-backend] [           main] r$InitializeUserDetailsManagerConfigurer : Global AuthenticationManager configured with UserDetailsService bean with name inMemoryUserDetailsManager
2026-05-13T11:54:55.301Z  INFO 6104 --- [synccare-backend] [           main] o.s.b.a.e.web.EndpointLinksResolver      : Exposing 2 endpoints beneath base path '/actuator'
2026-05-13T11:54:55.650Z  INFO 6104 --- [synccare-backend] [           main] o.s.b.t.m.w.SpringBootMockServletContext : Initializing Spring TestDispatcherServlet ''
2026-05-13T11:54:55.650Z  INFO 6104 --- [synccare-backend] [           main] o.s.t.web.servlet.TestDispatcherServlet  : Initializing Servlet ''
2026-05-13T11:54:55.652Z  INFO 6104 --- [synccare-backend] [           main] o.s.t.web.servlet.TestDispatcherServlet  : Completed initialization in 1 ms
2026-05-13T11:54:55.709Z  INFO 6104 --- [synccare-backend] [           main] c.s.backend.health.HealthControllerTest  : Started HealthControllerTest in 2.075 seconds (process running for 2.87)
]]></system-out>
  </testcase>
</testsuite>